[0823/113903.086:INFO:CONSOLE(150)] "Event handler of 'x-storagemutated-1' event must be added on the initial evaluation of worker script.", source: https://static.whatsapp.net/rsrc.php/v3/yH/r/wiXctgJ0pik.js?_nc_x=Ij3Wp8lg5Kz (150)
[0823/113903.198:INFO:CONSOLE(0)] "Error with Permissions-Policy header: Feature xr-spatial-tracking's parameters are ignored.", source:  (0)
[0823/113903.198:INFO:CONSOLE(0)] "Error with Permissions-Policy header: Origin trial controlled feature not enabled: 'attribution-reporting'.", source:  (0)
[0823/113903.198:INFO:CONSOLE(0)] "Error with Permissions-Policy header: Unrecognized feature: 'battery'.", source:  (0)
[0823/113903.199:INFO:CONSOLE(0)] "Error with Permissions-Policy header: Unrecognized feature: 'compute-pressure'.", source:  (0)
[0823/113903.199:INFO:CONSOLE(0)] "Error with Permissions-Policy header: Origin trial controlled feature not enabled: 'interest-cohort'.", source:  (0)
[0823/113903.199:INFO:CONSOLE(0)] "Error with Permissions-Policy header: Unrecognized feature: 'private-state-token-issuance'.", source:  (0)
[0823/113903.199:INFO:CONSOLE(0)] "Error with Permissions-Policy header: Origin trial controlled feature not enabled: 'shared-storage'.", source:  (0)
[0823/113903.199:INFO:CONSOLE(0)] "Error with Permissions-Policy header: Unrecognized feature: 'shared-storage-select-url'.", source:  (0)
[0823/113903.199:INFO:CONSOLE(0)] "Error with Permissions-Policy header: Unrecognized feature: 'private-state-token-redemption'.", source:  (0)
[0823/113903.199:INFO:CONSOLE(0)] "Error with Permissions-Policy header: Unrecognized feature: 'usb-unrestricted'.", source:  (0)
[0823/113903.199:INFO:CONSOLE(0)] "Error with Permissions-Policy header: Unrecognized feature: 'unload'.", source:  (0)
[0823/113903.199:INFO:CONSOLE(0)] "Error with Permissions-Policy header: Unrecognized feature: 'window-management'.", source:  (0)
[0823/113907.949:INFO:CONSOLE(342)] "WAWebLoggerWorker initialized", source: https://static.whatsapp.net/rsrc.php/v3/yA/r/kd9uE9mo1pk.js?_nc_x=Ij3Wp8lg5Kz (342)
[0823/113907.949:INFO:CONSOLE(342)] "db: start setSchemaVersions from fts worker interface", source: https://static.whatsapp.net/rsrc.php/v3/yA/r/kd9uE9mo1pk.js?_nc_x=Ij3Wp8lg5Kz (342)
[0823/113907.949:INFO:CONSOLE(342)] "db: set schema versions: [model-storage,158,fts-storage,8,jobs-storage,1,lru-media-storage-idb,2,offd-storage,4,qpl-storage,0,signal-storage,6,worker-storage,1,sw,2,wawc,14,wawc_db_enc,2]. is worker? true", source: https://static.whatsapp.net/rsrc.php/v3/yA/r/kd9uE9mo1pk.js?_nc_x=Ij3Wp8lg5Kz (342)
[0823/113911.912:INFO:CONSOLE(342)] "FTS:Delegate: start indexer", source: https://static.whatsapp.net/rsrc.php/v3/yA/r/kd9uE9mo1pk.js?_nc_x=Ij3Wp8lg5Kz (342)
[0823/113911.912:INFO:CONSOLE(342)] "FTS:Delegate: start perform init", source: https://static.whatsapp.net/rsrc.php/v3/yA/r/kd9uE9mo1pk.js?_nc_x=Ij3Wp8lg5Kz (342)
[0823/113911.912:INFO:CONSOLE(342)] "FTS:Delegate: schema versions ready", source: https://static.whatsapp.net/rsrc.php/v3/yA/r/kd9uE9mo1pk.js?_nc_x=Ij3Wp8lg5Kz (342)
[0823/113911.912:INFO:CONSOLE(342)] "FTS:Delegate: before db initialization", source: https://static.whatsapp.net/rsrc.php/v3/yA/r/kd9uE9mo1pk.js?_nc_x=Ij3Wp8lg5Kz (342)
[0823/113915.660:INFO:CONSOLE(342)] "FTS:Delegate: after db initialization", source: https://static.whatsapp.net/rsrc.php/v3/yA/r/kd9uE9mo1pk.js?_nc_x=Ij3Wp8lg5Kz (342)
[0823/113915.661:INFO:CONSOLE(342)] "FTS:Manifest Writer: No changes made, current:['3.1', '1'], latest:['3.1', '1']", source: https://static.whatsapp.net/rsrc.php/v3/yA/r/kd9uE9mo1pk.js?_nc_x=Ij3Wp8lg5Kz (342)
[0823/113915.661:INFO:CONSOLE(342)] "FTS:Delegate: Inited", source: https://static.whatsapp.net/rsrc.php/v3/yA/r/kd9uE9mo1pk.js?_nc_x=Ij3Wp8lg5Kz (342)
[0823/113915.661:INFO:CONSOLE(342)] "FTS:Delegate: Init indexing ops", source: https://static.whatsapp.net/rsrc.php/v3/yA/r/kd9uE9mo1pk.js?_nc_x=Ij3Wp8lg5Kz (342)
[0823/113915.662:INFO:CONSOLE(342)] "FTS:Indexer:indexQueuedBatch: Starting new batch size : 1000", source: https://static.whatsapp.net/rsrc.php/v3/yA/r/kd9uE9mo1pk.js?_nc_x=Ij3Wp8lg5Kz (342)
[0823/113915.662:INFO:CONSOLE(342)] "FTS:Indexer:indexQueuedBatch: Completed", source: https://static.whatsapp.net/rsrc.php/v3/yA/r/kd9uE9mo1pk.js?_nc_x=Ij3Wp8lg5Kz (342)
[0823/113916.235:INFO:CONSOLE(342)] "FTS:Indexer:indexQueuedBatch: Starting new batch size : 1000", source: https://static.whatsapp.net/rsrc.php/v3/yA/r/kd9uE9mo1pk.js?_nc_x=Ij3Wp8lg5Kz (342)
[0823/113916.270:INFO:CONSOLE(342)] "FTS:Indexer:indexQueuedBatch: Completed batch", source: https://static.whatsapp.net/rsrc.php/v3/yA/r/kd9uE9mo1pk.js?_nc_x=Ij3Wp8lg5Kz (342)
[0823/113916.276:INFO:CONSOLE(342)] "FTS:Indexer:indexQueuedBatch: Completed", source: https://static.whatsapp.net/rsrc.php/v3/yA/r/kd9uE9mo1pk.js?_nc_x=Ij3Wp8lg5Kz (342)
[0823/113922.847:INFO:CONSOLE(342)] "FTS:Indexer:indexQueuedBatch: Starting new batch size : 1000", source: https://static.whatsapp.net/rsrc.php/v3/yA/r/kd9uE9mo1pk.js?_nc_x=Ij3Wp8lg5Kz (342)
[0823/113922.918:INFO:CONSOLE(342)] "FTS:Indexer:indexQueuedBatch: Completed batch", source: https://static.whatsapp.net/rsrc.php/v3/yA/r/kd9uE9mo1pk.js?_nc_x=Ij3Wp8lg5Kz (342)
[0823/113922.940:INFO:CONSOLE(342)] "FTS:Indexer:indexQueuedBatch: Completed", source: https://static.whatsapp.net/rsrc.php/v3/yA/r/kd9uE9mo1pk.js?_nc_x=Ij3Wp8lg5Kz (342)
[0823/114026.676:INFO:CONSOLE(342)] "FTS:Indexer:indexQueuedBatch: Starting new batch size : 1000", source: https://static.whatsapp.net/rsrc.php/v3/yA/r/kd9uE9mo1pk.js?_nc_x=Ij3Wp8lg5Kz (342)
[0823/114026.692:INFO:CONSOLE(342)] "FTS:Indexer:indexQueuedBatch: Completed batch", source: https://static.whatsapp.net/rsrc.php/v3/yA/r/kd9uE9mo1pk.js?_nc_x=Ij3Wp8lg5Kz (342)
[0823/114026.692:INFO:CONSOLE(342)] "FTS:Indexer:indexQueuedBatch: Completed", source: https://static.whatsapp.net/rsrc.php/v3/yA/r/kd9uE9mo1pk.js?_nc_x=Ij3Wp8lg5Kz (342)
[0823/114027.204:INFO:CONSOLE(150)] "Event handler of 'x-storagemutated-1' event must be added on the initial evaluation of worker script.", source: https://static.whatsapp.net/rsrc.php/v3/yH/r/wiXctgJ0pik.js?_nc_x=Ij3Wp8lg5Kz (150)
[0823/114105.600:INFO:CONSOLE(342)] "FTS:Indexer:indexQueuedBatch: Starting new batch size : 1000", source: https://static.whatsapp.net/rsrc.php/v3/yA/r/kd9uE9mo1pk.js?_nc_x=Ij3Wp8lg5Kz (342)
[0823/114105.627:INFO:CONSOLE(342)] "FTS:Indexer:indexQueuedBatch: Completed batch", source: https://static.whatsapp.net/rsrc.php/v3/yA/r/kd9uE9mo1pk.js?_nc_x=Ij3Wp8lg5Kz (342)
[0823/114105.648:INFO:CONSOLE(342)] "FTS:Indexer:indexQueuedBatch: Completed", source: https://static.whatsapp.net/rsrc.php/v3/yA/r/kd9uE9mo1pk.js?_nc_x=Ij3Wp8lg5Kz (342)
[0823/114114.506:INFO:CONSOLE(342)] "FTS:Indexer:indexQueuedBatch: Starting new batch size : 1000", source: https://static.whatsapp.net/rsrc.php/v3/yA/r/kd9uE9mo1pk.js?_nc_x=Ij3Wp8lg5Kz (342)
[0823/114114.527:INFO:CONSOLE(342)] "FTS:Indexer:indexQueuedBatch: Completed batch", source: https://static.whatsapp.net/rsrc.php/v3/yA/r/kd9uE9mo1pk.js?_nc_x=Ij3Wp8lg5Kz (342)
[0823/114114.598:INFO:CONSOLE(342)] "FTS:Indexer:indexQueuedBatch: Completed", source: https://static.whatsapp.net/rsrc.php/v3/yA/r/kd9uE9mo1pk.js?_nc_x=Ij3Wp8lg5Kz (342)
[0823/114122.962:INFO:CONSOLE(342)] "FTS:Indexer:indexQueuedBatch: Starting new batch size : 1000", source: https://static.whatsapp.net/rsrc.php/v3/yA/r/kd9uE9mo1pk.js?_nc_x=Ij3Wp8lg5Kz (342)
[0823/114122.974:INFO:CONSOLE(342)] "FTS:Indexer:indexQueuedBatch: Completed batch", source: https://static.whatsapp.net/rsrc.php/v3/yA/r/kd9uE9mo1pk.js?_nc_x=Ij3Wp8lg5Kz (342)
[0823/114122.979:INFO:CONSOLE(342)] "FTS:Indexer:indexQueuedBatch: Completed", source: https://static.whatsapp.net/rsrc.php/v3/yA/r/kd9uE9mo1pk.js?_nc_x=Ij3Wp8lg5Kz (342)
[0823/114124.364:INFO:CONSOLE(342)] "FTS:Indexer:indexQueuedBatch: Starting new batch size : 1000", source: https://static.whatsapp.net/rsrc.php/v3/yA/r/kd9uE9mo1pk.js?_nc_x=Ij3Wp8lg5Kz (342)
[0823/114124.376:INFO:CONSOLE(342)] "FTS:Indexer:indexQueuedBatch: Completed", source: https://static.whatsapp.net/rsrc.php/v3/yA/r/kd9uE9mo1pk.js?_nc_x=Ij3Wp8lg5Kz (342)
[0823/114135.075:INFO:CONSOLE(342)] "FTS:Indexer:indexQueuedBatch: Starting new batch size : 1000", source: https://static.whatsapp.net/rsrc.php/v3/yA/r/kd9uE9mo1pk.js?_nc_x=Ij3Wp8lg5Kz (342)
[0823/114135.089:INFO:CONSOLE(342)] "FTS:Indexer:indexQueuedBatch: Completed batch", source: https://static.whatsapp.net/rsrc.php/v3/yA/r/kd9uE9mo1pk.js?_nc_x=Ij3Wp8lg5Kz (342)
[0823/114135.093:INFO:CONSOLE(342)] "FTS:Indexer:indexQueuedBatch: Completed", source: https://static.whatsapp.net/rsrc.php/v3/yA/r/kd9uE9mo1pk.js?_nc_x=Ij3Wp8lg5Kz (342)
[0823/114148.986:INFO:CONSOLE(342)] "FTS:Indexer:indexQueuedBatch: Starting new batch size : 1000", source: https://static.whatsapp.net/rsrc.php/v3/yA/r/kd9uE9mo1pk.js?_nc_x=Ij3Wp8lg5Kz (342)
[0823/114149.001:INFO:CONSOLE(342)] "FTS:Indexer:indexQueuedBatch: Completed batch", source: https://static.whatsapp.net/rsrc.php/v3/yA/r/kd9uE9mo1pk.js?_nc_x=Ij3Wp8lg5Kz (342)
[0823/114149.036:INFO:CONSOLE(342)] "FTS:Indexer:indexQueuedBatch: Completed", source: https://static.whatsapp.net/rsrc.php/v3/yA/r/kd9uE9mo1pk.js?_nc_x=Ij3Wp8lg5Kz (342)
[0823/115013.327:INFO:CONSOLE(342)] "FTS:Indexer:indexQueuedBatch: Starting new batch size : 1000", source: https://static.whatsapp.net/rsrc.php/v3/yA/r/kd9uE9mo1pk.js?_nc_x=Ij3Wp8lg5Kz (342)
[0823/115013.341:INFO:CONSOLE(342)] "FTS:Indexer:indexQueuedBatch: Completed", source: https://static.whatsapp.net/rsrc.php/v3/yA/r/kd9uE9mo1pk.js?_nc_x=Ij3Wp8lg5Kz (342)
[0823/115013.985:INFO:CONSOLE(150)] "Event handler of 'x-storagemutated-1' event must be added on the initial evaluation of worker script.", source: https://static.whatsapp.net/rsrc.php/v3/yH/r/wiXctgJ0pik.js?_nc_x=Ij3Wp8lg5Kz (150)
[0823/115133.826:INFO:CONSOLE(342)] "FTS:Indexer:indexQueuedBatch: Starting new batch size : 1000", source: https://static.whatsapp.net/rsrc.php/v3/yA/r/kd9uE9mo1pk.js?_nc_x=Ij3Wp8lg5Kz (342)
[0823/115133.868:INFO:CONSOLE(342)] "FTS:Indexer:indexQueuedBatch: Completed batch", source: https://static.whatsapp.net/rsrc.php/v3/yA/r/kd9uE9mo1pk.js?_nc_x=Ij3Wp8lg5Kz (342)
[0823/115133.869:INFO:CONSOLE(342)] "FTS:Indexer:indexQueuedBatch: Completed", source: https://static.whatsapp.net/rsrc.php/v3/yA/r/kd9uE9mo1pk.js?_nc_x=Ij3Wp8lg5Kz (342)
[0823/115144.825:INFO:CONSOLE(342)] "FTS:Indexer:indexQueuedBatch: Starting new batch size : 1000", source: https://static.whatsapp.net/rsrc.php/v3/yA/r/kd9uE9mo1pk.js?_nc_x=Ij3Wp8lg5Kz (342)
[0823/115144.836:INFO:CONSOLE(342)] "FTS:Indexer:indexQueuedBatch: Completed batch", source: https://static.whatsapp.net/rsrc.php/v3/yA/r/kd9uE9mo1pk.js?_nc_x=Ij3Wp8lg5Kz (342)
[0823/115144.839:INFO:CONSOLE(342)] "FTS:Indexer:indexQueuedBatch: Completed", source: https://static.whatsapp.net/rsrc.php/v3/yA/r/kd9uE9mo1pk.js?_nc_x=Ij3Wp8lg5Kz (342)
[0823/115341.402:INFO:CONSOLE(342)] "FTS:Indexer:indexQueuedBatch: Starting new batch size : 1000", source: https://static.whatsapp.net/rsrc.php/v3/yA/r/kd9uE9mo1pk.js?_nc_x=Ij3Wp8lg5Kz (342)
[0823/115341.412:INFO:CONSOLE(342)] "FTS:Indexer:indexQueuedBatch: Completed", source: https://static.whatsapp.net/rsrc.php/v3/yA/r/kd9uE9mo1pk.js?_nc_x=Ij3Wp8lg5Kz (342)
[0823/115401.544:INFO:CONSOLE(342)] "FTS:Indexer:indexQueuedBatch: Starting new batch size : 1000", source: https://static.whatsapp.net/rsrc.php/v3/yA/r/kd9uE9mo1pk.js?_nc_x=Ij3Wp8lg5Kz (342)
[0823/115401.561:INFO:CONSOLE(342)] "FTS:Indexer:indexQueuedBatch: Completed batch", source: https://static.whatsapp.net/rsrc.php/v3/yA/r/kd9uE9mo1pk.js?_nc_x=Ij3Wp8lg5Kz (342)
[0823/115401.566:INFO:CONSOLE(342)] "FTS:Indexer:indexQueuedBatch: Completed", source: https://static.whatsapp.net/rsrc.php/v3/yA/r/kd9uE9mo1pk.js?_nc_x=Ij3Wp8lg5Kz (342)
[0823/115421.922:INFO:CONSOLE(342)] "FTS:Indexer:indexQueuedBatch: Starting new batch size : 1000", source: https://static.whatsapp.net/rsrc.php/v3/yA/r/kd9uE9mo1pk.js?_nc_x=Ij3Wp8lg5Kz (342)
[0823/115421.935:INFO:CONSOLE(342)] "FTS:Indexer:indexQueuedBatch: Completed batch", source: https://static.whatsapp.net/rsrc.php/v3/yA/r/kd9uE9mo1pk.js?_nc_x=Ij3Wp8lg5Kz (342)
[0823/115421.943:INFO:CONSOLE(342)] "FTS:Indexer:indexQueuedBatch: Completed", source: https://static.whatsapp.net/rsrc.php/v3/yA/r/kd9uE9mo1pk.js?_nc_x=Ij3Wp8lg5Kz (342)
[0823/115436.387:INFO:CONSOLE(342)] "FTS:Indexer:indexQueuedBatch: Starting new batch size : 1000", source: https://static.whatsapp.net/rsrc.php/v3/yA/r/kd9uE9mo1pk.js?_nc_x=Ij3Wp8lg5Kz (342)
[0823/115436.397:INFO:CONSOLE(342)] "FTS:Indexer:indexQueuedBatch: Completed", source: https://static.whatsapp.net/rsrc.php/v3/yA/r/kd9uE9mo1pk.js?_nc_x=Ij3Wp8lg5Kz (342)
[0823/115436.847:INFO:CONSOLE(150)] "Event handler of 'x-storagemutated-1' event must be added on the initial evaluation of worker script.", source: https://static.whatsapp.net/rsrc.php/v3/yH/r/wiXctgJ0pik.js?_nc_x=Ij3Wp8lg5Kz (150)
[0823/115444.563:INFO:CONSOLE(342)] "FTS:Indexer:indexQueuedBatch: Starting new batch size : 1000", source: https://static.whatsapp.net/rsrc.php/v3/yA/r/kd9uE9mo1pk.js?_nc_x=Ij3Wp8lg5Kz (342)
[0823/115444.578:INFO:CONSOLE(342)] "FTS:Indexer:indexQueuedBatch: Completed batch", source: https://static.whatsapp.net/rsrc.php/v3/yA/r/kd9uE9mo1pk.js?_nc_x=Ij3Wp8lg5Kz (342)
[0823/115444.582:INFO:CONSOLE(342)] "FTS:Indexer:indexQueuedBatch: Completed", source: https://static.whatsapp.net/rsrc.php/v3/yA/r/kd9uE9mo1pk.js?_nc_x=Ij3Wp8lg5Kz (342)
[0823/115614.416:INFO:CONSOLE(342)] "FTS:Indexer:indexQueuedBatch: Starting new batch size : 1000", source: https://static.whatsapp.net/rsrc.php/v3/yA/r/kd9uE9mo1pk.js?_nc_x=Ij3Wp8lg5Kz (342)
[0823/115614.427:INFO:CONSOLE(342)] "FTS:Indexer:indexQueuedBatch: Completed batch", source: https://static.whatsapp.net/rsrc.php/v3/yA/r/kd9uE9mo1pk.js?_nc_x=Ij3Wp8lg5Kz (342)
[0823/115614.433:INFO:CONSOLE(342)] "FTS:Indexer:indexQueuedBatch: Completed", source: https://static.whatsapp.net/rsrc.php/v3/yA/r/kd9uE9mo1pk.js?_nc_x=Ij3Wp8lg5Kz (342)
[0823/115726.422:INFO:CONSOLE(342)] "FTS:Indexer:indexQueuedBatch: Starting new batch size : 1000", source: https://static.whatsapp.net/rsrc.php/v3/yA/r/kd9uE9mo1pk.js?_nc_x=Ij3Wp8lg5Kz (342)
[0823/115726.437:INFO:CONSOLE(342)] "FTS:Indexer:indexQueuedBatch: Completed", source: https://static.whatsapp.net/rsrc.php/v3/yA/r/kd9uE9mo1pk.js?_nc_x=Ij3Wp8lg5Kz (342)
[0823/115817.509:INFO:CONSOLE(342)] "FTS:Indexer:indexQueuedBatch: Starting new batch size : 1000", source: https://static.whatsapp.net/rsrc.php/v3/yA/r/kd9uE9mo1pk.js?_nc_x=Ij3Wp8lg5Kz (342)
[0823/115817.522:INFO:CONSOLE(342)] "FTS:Indexer:indexQueuedBatch: Completed batch", source: https://static.whatsapp.net/rsrc.php/v3/yA/r/kd9uE9mo1pk.js?_nc_x=Ij3Wp8lg5Kz (342)
[0823/115817.524:INFO:CONSOLE(342)] "FTS:Indexer:indexQueuedBatch: Completed", source: https://static.whatsapp.net/rsrc.php/v3/yA/r/kd9uE9mo1pk.js?_nc_x=Ij3Wp8lg5Kz (342)
[0823/115818.944:INFO:CONSOLE(342)] "FTS:Indexer:indexQueuedBatch: Starting new batch size : 1000", source: https://static.whatsapp.net/rsrc.php/v3/yA/r/kd9uE9mo1pk.js?_nc_x=Ij3Wp8lg5Kz (342)
[0823/115818.952:INFO:CONSOLE(342)] "FTS:Indexer:indexQueuedBatch: Completed batch", source: https://static.whatsapp.net/rsrc.php/v3/yA/r/kd9uE9mo1pk.js?_nc_x=Ij3Wp8lg5Kz (342)
[0823/115818.960:INFO:CONSOLE(342)] "FTS:Indexer:indexQueuedBatch: Completed", source: https://static.whatsapp.net/rsrc.php/v3/yA/r/kd9uE9mo1pk.js?_nc_x=Ij3Wp8lg5Kz (342)
[0823/115823.459:INFO:CONSOLE(342)] "FTS:Indexer:indexQueuedBatch: Starting new batch size : 1000", source: https://static.whatsapp.net/rsrc.php/v3/yA/r/kd9uE9mo1pk.js?_nc_x=Ij3Wp8lg5Kz (342)
[0823/115823.471:INFO:CONSOLE(342)] "FTS:Indexer:indexQueuedBatch: Completed batch", source: https://static.whatsapp.net/rsrc.php/v3/yA/r/kd9uE9mo1pk.js?_nc_x=Ij3Wp8lg5Kz (342)
[0823/115823.477:INFO:CONSOLE(342)] "FTS:Indexer:indexQueuedBatch: Completed", source: https://static.whatsapp.net/rsrc.php/v3/yA/r/kd9uE9mo1pk.js?_nc_x=Ij3Wp8lg5Kz (342)
[0823/115829.427:INFO:CONSOLE(342)] "FTS:Indexer:indexQueuedBatch: Starting new batch size : 1000", source: https://static.whatsapp.net/rsrc.php/v3/yA/r/kd9uE9mo1pk.js?_nc_x=Ij3Wp8lg5Kz (342)
[0823/115829.437:INFO:CONSOLE(342)] "FTS:Indexer:indexQueuedBatch: Completed batch", source: https://static.whatsapp.net/rsrc.php/v3/yA/r/kd9uE9mo1pk.js?_nc_x=Ij3Wp8lg5Kz (342)
[0823/115829.443:INFO:CONSOLE(342)] "FTS:Indexer:indexQueuedBatch: Completed", source: https://static.whatsapp.net/rsrc.php/v3/yA/r/kd9uE9mo1pk.js?_nc_x=Ij3Wp8lg5Kz (342)
[0823/115951.060:INFO:CONSOLE(342)] "FTS:Indexer:indexQueuedBatch: Starting new batch size : 1000", source: https://static.whatsapp.net/rsrc.php/v3/yA/r/kd9uE9mo1pk.js?_nc_x=Ij3Wp8lg5Kz (342)
[0823/115951.071:INFO:CONSOLE(342)] "FTS:Indexer:indexQueuedBatch: Completed", source: https://static.whatsapp.net/rsrc.php/v3/yA/r/kd9uE9mo1pk.js?_nc_x=Ij3Wp8lg5Kz (342)
[0823/115951.519:INFO:CONSOLE(150)] "Event handler of 'x-storagemutated-1' event must be added on the initial evaluation of worker script.", source: https://static.whatsapp.net/rsrc.php/v3/yH/r/wiXctgJ0pik.js?_nc_x=Ij3Wp8lg5Kz (150)
[0823/120108.593:INFO:CONSOLE(342)] "FTS:Indexer:indexQueuedBatch: Starting new batch size : 1000", source: https://static.whatsapp.net/rsrc.php/v3/yA/r/kd9uE9mo1pk.js?_nc_x=Ij3Wp8lg5Kz (342)
[0823/120108.597:INFO:CONSOLE(342)] "FTS:Indexer:indexQueuedBatch: Completed", source: https://static.whatsapp.net/rsrc.php/v3/yA/r/kd9uE9mo1pk.js?_nc_x=Ij3Wp8lg5Kz (342)
[0823/120108.970:INFO:CONSOLE(150)] "Event handler of 'x-storagemutated-1' event must be added on the initial evaluation of worker script.", source: https://static.whatsapp.net/rsrc.php/v3/yH/r/wiXctgJ0pik.js?_nc_x=Ij3Wp8lg5Kz (150)
[0823/120324.079:INFO:CONSOLE(342)] "FTS:Indexer:indexQueuedBatch: Starting new batch size : 1000", source: https://static.whatsapp.net/rsrc.php/v3/yA/r/kd9uE9mo1pk.js?_nc_x=Ij3Wp8lg5Kz (342)
[0823/120324.090:INFO:CONSOLE(342)] "FTS:Indexer:indexQueuedBatch: Completed", source: https://static.whatsapp.net/rsrc.php/v3/yA/r/kd9uE9mo1pk.js?_nc_x=Ij3Wp8lg5Kz (342)
[0823/120324.535:INFO:CONSOLE(150)] "Event handler of 'x-storagemutated-1' event must be added on the initial evaluation of worker script.", source: https://static.whatsapp.net/rsrc.php/v3/yH/r/wiXctgJ0pik.js?_nc_x=Ij3Wp8lg5Kz (150)
[0823/120415.121:INFO:CONSOLE(342)] "FTS:Indexer:indexQueuedBatch: Starting new batch size : 1000", source: https://static.whatsapp.net/rsrc.php/v3/yA/r/kd9uE9mo1pk.js?_nc_x=Ij3Wp8lg5Kz (342)
[0823/120415.132:INFO:CONSOLE(342)] "FTS:Indexer:indexQueuedBatch: Completed", source: https://static.whatsapp.net/rsrc.php/v3/yA/r/kd9uE9mo1pk.js?_nc_x=Ij3Wp8lg5Kz (342)
[0823/120415.497:INFO:CONSOLE(150)] "Event handler of 'x-storagemutated-1' event must be added on the initial evaluation of worker script.", source: https://static.whatsapp.net/rsrc.php/v3/yH/r/wiXctgJ0pik.js?_nc_x=Ij3Wp8lg5Kz (150)
[0823/121200.593:INFO:CONSOLE(342)] "FTS:Indexer:indexQueuedBatch: Starting new batch size : 1000", source: https://static.whatsapp.net/rsrc.php/v3/yA/r/kd9uE9mo1pk.js?_nc_x=Ij3Wp8lg5Kz (342)
[0823/121200.655:INFO:CONSOLE(342)] "FTS:Indexer:indexQueuedBatch: Completed batch", source: https://static.whatsapp.net/rsrc.php/v3/yA/r/kd9uE9mo1pk.js?_nc_x=Ij3Wp8lg5Kz (342)
[0823/121200.681:INFO:CONSOLE(342)] "FTS:Indexer:indexQueuedBatch: Completed", source: https://static.whatsapp.net/rsrc.php/v3/yA/r/kd9uE9mo1pk.js?_nc_x=Ij3Wp8lg5Kz (342)
[0823/121237.248:INFO:CONSOLE(342)] "FTS:Indexer:indexQueuedBatch: Starting new batch size : 1000", source: https://static.whatsapp.net/rsrc.php/v3/yA/r/kd9uE9mo1pk.js?_nc_x=Ij3Wp8lg5Kz (342)
[0823/121237.263:INFO:CONSOLE(342)] "FTS:Indexer:indexQueuedBatch: Completed", source: https://static.whatsapp.net/rsrc.php/v3/yA/r/kd9uE9mo1pk.js?_nc_x=Ij3Wp8lg5Kz (342)
